<?xml version="1.0" encoding="UTF-8"?>
<testng-results ignored="0" total="1" passed="1" failed="0" skipped="0">
  <reporter-output>
  </reporter-output>
  <suite started-at="2024-08-11T17:37:04 IST" name="Default suite" finished-at="2024-08-11T17:37:04 IST" duration-ms="63">
    <groups>
    </groups>
    <test started-at="2024-08-11T17:37:04 IST" name="Default test" finished-at="2024-08-11T17:37:04 IST" duration-ms="63">
      <class name="TestClass.dujdjd">
        <test-method signature="mam()[pri:0, instance:TestClass.dujdjd@13e39c73]" started-at="2024-08-11T17:37:04 IST" name="mam" finished-at="2024-08-11T17:37:04 IST" duration-ms="11" status="PASS">
          <reporter-output>
          </reporter-output>
        </test-method> <!-- mam -->
      </class> <!-- TestClass.dujdjd -->
    </test> <!-- Default test -->
  </suite> <!-- Default suite -->
</testng-results>
